
[2025-08-09 11:09:44] test message
[2025-08-09 11:10:37] test message
[2025-08-09 13:00:03] Conversion en JSON des données...
[2025-08-09 13:00:03] Fichier JSON généré : cache\measurements.jsonl
[2025-08-09 13:00:03] Conversion en JSON des données...
[2025-08-09 13:00:03] Fichier JSON généré : cache\devices.jsonl
[2025-08-09 13:00:03] Conversion en JSON des données...
[2025-08-09 13:00:03] Fichier JSON généré : cache\apparatus.jsonl
[2025-08-09 13:00:03] Conversion en JSON des données...
[2025-08-09 13:00:03] Fichier JSON généré : cache\flight.jsonl
[2025-08-09 13:00:03] Téléversement vers S3 (open-radiation-bucket/data/measurements.jsonl)...
[2025-08-09 13:47:23] Conversion en JSON des données...
[2025-08-09 13:47:23] Fichier JSON généré : cache\measurements.jsonl
[2025-08-09 13:47:23] Conversion en JSON des données...
[2025-08-09 13:47:23] Fichier JSON généré : cache\devices.jsonl
[2025-08-09 13:47:23] Conversion en JSON des données...
[2025-08-09 13:47:23] Fichier JSON généré : cache\apparatus.jsonl
[2025-08-09 13:47:23] Conversion en JSON des données...
[2025-08-09 13:47:23] Fichier JSON généré : cache\flight.jsonl
[2025-08-09 13:47:23] Téléversement vers S3 (open-radiation-bucket/data/measurements.jsonl)...
[2025-08-09 13:48:00] Conversion en JSON des données...
[2025-08-09 13:48:00] Fichier JSON généré : cache\measurements.jsonl
[2025-08-09 13:48:00] Conversion en JSON des données...
[2025-08-09 13:48:00] Fichier JSON généré : cache\devices.jsonl
[2025-08-09 13:48:00] Conversion en JSON des données...
[2025-08-09 13:48:00] Fichier JSON généré : cache\apparatus.jsonl
[2025-08-09 13:48:00] Conversion en JSON des données...
[2025-08-09 13:48:00] Fichier JSON généré : cache\flight.jsonl
[2025-08-09 13:48:00] Téléversement vers S3 (open-radiation-bucket/data/measurements.jsonl)...
[2025-08-09 13:48:02] Fichier envoyé avec succès sur S3.
[2025-08-09 13:48:02] Téléversement vers S3 (open-radiation-bucket/data/devices.jsonl)...
[2025-08-09 13:48:02] Fichier envoyé avec succès sur S3.
[2025-08-09 13:48:02] Téléversement vers S3 (open-radiation-bucket/data/apparatus.jsonl)...
[2025-08-09 13:48:03] Fichier envoyé avec succès sur S3.
[2025-08-09 13:48:03] Téléversement vers S3 (open-radiation-bucket/data/flight.jsonl)...
[2025-08-09 13:48:04] Fichier envoyé avec succès sur S3.
